1770751930.885244 client started (139550): version 3.5a, socket /tmp/tmux-1000/default, protocol 8
1770751930.885335 on Linux 6.17.12-300.fc43.x86_64 #1 SMP PREEMPT_DYNAMIC Sat Dec 13 05:06:24 UTC 2025
1770751930.885378 using libevent 2.1.12-stable poll
1770751930.885398 using ncurses 6.5 20250614
1770751930.885490 flags are 0x18010000
1770751930.885529 socket is /tmp/tmux-1000/default
1770751930.885587 trying connect
1770751930.885908 add peer 0x562787c72460: 6 ((nil))
1770751930.887952 sending message 111 to peer 0x562787c72460 (8 bytes)
1770751930.888191 sending message 111 to peer 0x562787c72460 (8 bytes)
1770751930.888235 sending message 101 to peer 0x562787c72460 (15 bytes)
1770751930.888265 sending message 109 to peer 0x562787c72460 (4 bytes)
1770751930.888293 sending message 102 to peer 0x562787c72460 (11 bytes)
1770751930.888322 sending message 108 to peer 0x562787c72460 (28 bytes)
1770751930.888352 sending message 112 to peer 0x562787c72460 (58 bytes)
1770751930.888381 sending message 112 to peer 0x562787c72460 (5 bytes)
1770751930.888410 sending message 112 to peer 0x562787c72460 (5 bytes)
1770751930.888439 sending message 112 to peer 0x562787c72460 (6 bytes)
1770751930.888467 sending message 112 to peer 0x562787c72460 (6 bytes)
1770751930.888496 sending message 112 to peer 0x562787c72460 (11 bytes)
1770751930.888525 sending message 112 to peer 0x562787c72460 (10 bytes)
1770751930.888554 sending message 112 to peer 0x562787c72460 (13 bytes)
1770751930.888607 sending message 112 to peer 0x562787c72460 (14 bytes)
1770751930.888642 sending message 112 to peer 0x562787c72460 (19 bytes)
1770751930.888677 sending message 112 to peer 0x562787c72460 (11 bytes)
1770751930.888715 sending message 112 to peer 0x562787c72460 (10 bytes)
1770751930.888753 sending message 112 to peer 0x562787c72460 (15 bytes)
1770751930.888793 sending message 112 to peer 0x562787c72460 (21 bytes)
1770751930.888830 sending message 112 to peer 0x562787c72460 (13 bytes)
1770751930.888870 sending message 112 to peer 0x562787c72460 (7 bytes)
1770751930.888913 sending message 112 to peer 0x562787c72460 (13 bytes)
1770751930.888951 sending message 112 to peer 0x562787c72460 (7 bytes)
1770751930.888989 sending message 112 to peer 0x562787c72460 (13 bytes)
1770751930.889062 sending message 112 to peer 0x562787c72460 (9 bytes)
1770751930.889098 sending message 112 to peer 0x562787c72460 (21 bytes)
1770751930.889120 sending message 112 to peer 0x562787c72460 (13 bytes)
1770751930.889138 sending message 112 to peer 0x562787c72460 (9 bytes)
1770751930.889157 sending message 112 to peer 0x562787c72460 (16 bytes)
1770751930.889175 sending message 112 to peer 0x562787c72460 (13 bytes)
1770751930.889193 sending message 112 to peer 0x562787c72460 (9 bytes)
1770751930.889212 sending message 112 to peer 0x562787c72460 (9 bytes)
1770751930.889230 sending message 112 to peer 0x562787c72460 (12 bytes)
1770751930.889249 sending message 112 to peer 0x562787c72460 (8 bytes)
1770751930.889267 sending message 112 to peer 0x562787c72460 (8 bytes)
1770751930.889285 sending message 112 to peer 0x562787c72460 (13 bytes)
1770751930.889304 sending message 112 to peer 0x562787c72460 (7 bytes)
1770751930.889323 sending message 112 to peer 0x562787c72460 (7 bytes)
1770751930.889341 sending message 112 to peer 0x562787c72460 (9 bytes)
1770751930.889360 sending message 112 to peer 0x562787c72460 (9 bytes)
1770751930.889379 sending message 112 to peer 0x562787c72460 (15 bytes)
1770751930.889397 sending message 112 to peer 0x562787c72460 (13 bytes)
1770751930.889415 sending message 112 to peer 0x562787c72460 (12 bytes)
1770751930.889433 sending message 112 to peer 0x562787c72460 (8 bytes)
1770751930.889452 sending message 112 to peer 0x562787c72460 (14 bytes)
1770751930.889470 sending message 112 to peer 0x562787c72460 (11 bytes)
1770751930.889489 sending message 112 to peer 0x562787c72460 (9 bytes)
1770751930.889507 sending message 112 to peer 0x562787c72460 (10 bytes)
1770751930.889525 sending message 112 to peer 0x562787c72460 (10 bytes)
1770751930.889544 sending message 112 to peer 0x562787c72460 (10 bytes)
1770751930.889588 sending message 112 to peer 0x562787c72460 (10 bytes)
1770751930.889629 sending message 112 to peer 0x562787c72460 (11 bytes)
1770751930.889649 sending message 112 to peer 0x562787c72460 (12 bytes)
1770751930.889668 sending message 112 to peer 0x562787c72460 (12 bytes)
1770751930.889687 sending message 112 to peer 0x562787c72460 (12 bytes)
1770751930.889705 sending message 112 to peer 0x562787c72460 (12 bytes)
1770751930.889724 sending message 112 to peer 0x562787c72460 (12 bytes)
1770751930.889742 sending message 112 to peer 0x562787c72460 (11 bytes)
1770751930.889761 sending message 112 to peer 0x562787c72460 (11 bytes)
1770751930.889779 sending message 112 to peer 0x562787c72460 (12 bytes)
1770751930.889798 sending message 112 to peer 0x562787c72460 (12 bytes)
1770751930.889816 sending message 112 to peer 0x562787c72460 (12 bytes)
1770751930.889853 sending message 112 to peer 0x562787c72460 (12 bytes)
1770751930.889866 sending message 112 to peer 0x562787c72460 (12 bytes)
1770751930.889879 sending message 112 to peer 0x562787c72460 (9 bytes)
1770751930.889892 sending message 112 to peer 0x562787c72460 (12 bytes)
1770751930.889904 sending message 112 to peer 0x562787c72460 (13 bytes)
1770751930.889916 sending message 112 to peer 0x562787c72460 (13 bytes)
1770751930.889929 sending message 112 to peer 0x562787c72460 (13 bytes)
1770751930.889941 sending message 112 to peer 0x562787c72460 (13 bytes)
1770751930.889954 sending message 112 to peer 0x562787c72460 (13 bytes)
1770751930.889966 sending message 112 to peer 0x562787c72460 (8 bytes)
1770751930.889979 sending message 112 to peer 0x562787c72460 (11 bytes)
1770751930.890014 sending message 112 to peer 0x562787c72460 (11 bytes)
1770751930.890040 sending message 112 to peer 0x562787c72460 (11 bytes)
1770751930.890054 sending message 112 to peer 0x562787c72460 (12 bytes)
1770751930.890067 sending message 112 to peer 0x562787c72460 (12 bytes)
1770751930.890079 sending message 112 to peer 0x562787c72460 (12 bytes)
1770751930.890092 sending message 112 to peer 0x562787c72460 (12 bytes)
1770751930.890105 sending message 112 to peer 0x562787c72460 (13 bytes)
1770751930.890118 sending message 112 to peer 0x562787c72460 (13 bytes)
1770751930.890131 sending message 112 to peer 0x562787c72460 (13 bytes)
1770751930.890143 sending message 112 to peer 0x562787c72460 (8 bytes)
1770751930.890157 sending message 112 to peer 0x562787c72460 (13 bytes)
1770751930.890170 sending message 112 to peer 0x562787c72460 (13 bytes)
1770751930.890182 sending message 112 to peer 0x562787c72460 (13 bytes)
1770751930.890195 sending message 112 to peer 0x562787c72460 (13 bytes)
1770751930.890208 sending message 112 to peer 0x562787c72460 (13 bytes)
1770751930.890220 sending message 112 to peer 0x562787c72460 (12 bytes)
1770751930.890233 sending message 112 to peer 0x562787c72460 (12 bytes)
1770751930.890245 sending message 112 to peer 0x562787c72460 (12 bytes)
1770751930.890258 sending message 112 to peer 0x562787c72460 (12 bytes)
1770751930.890270 sending message 112 to peer 0x562787c72460 (13 bytes)
1770751930.890283 sending message 112 to peer 0x562787c72460 (8 bytes)
1770751930.890295 sending message 112 to peer 0x562787c72460 (13 bytes)
1770751930.890308 sending message 112 to peer 0x562787c72460 (13 bytes)
1770751930.890320 sending message 112 to peer 0x562787c72460 (13 bytes)
1770751930.890333 sending message 112 to peer 0x562787c72460 (13 bytes)
1770751930.890346 sending message 112 to peer 0x562787c72460 (13 bytes)
1770751930.890358 sending message 112 to peer 0x562787c72460 (13 bytes)
1770751930.890371 sending message 112 to peer 0x562787c72460 (13 bytes)
1770751930.890383 sending message 112 to peer 0x562787c72460 (12 bytes)
1770751930.890396 sending message 112 to peer 0x562787c72460 (12 bytes)
1770751930.890408 sending message 112 to peer 0x562787c72460 (12 bytes)
1770751930.890420 sending message 112 to peer 0x562787c72460 (8 bytes)
1770751930.890433 sending message 112 to peer 0x562787c72460 (12 bytes)
1770751930.890445 sending message 112 to peer 0x562787c72460 (13 bytes)
1770751930.890470 sending message 112 to peer 0x562787c72460 (13 bytes)
1770751930.890489 sending message 112 to peer 0x562787c72460 (13 bytes)
1770751930.890501 sending message 112 to peer 0x562787c72460 (13 bytes)
1770751930.890514 sending message 112 to peer 0x562787c72460 (13 bytes)
1770751930.890526 sending message 112 to peer 0x562787c72460 (13 bytes)
1770751930.890539 sending message 112 to peer 0x562787c72460 (13 bytes)
1770751930.890552 sending message 112 to peer 0x562787c72460 (13 bytes)
1770751930.890564 sending message 112 to peer 0x562787c72460 (12 bytes)
1770751930.890576 sending message 112 to peer 0x562787c72460 (10 bytes)
1770751930.890589 sending message 112 to peer 0x562787c72460 (12 bytes)
1770751930.890602 sending message 112 to peer 0x562787c72460 (12 bytes)
1770751930.890614 sending message 112 to peer 0x562787c72460 (12 bytes)
1770751930.890627 sending message 112 to peer 0x562787c72460 (13 bytes)
1770751930.890642 sending message 112 to peer 0x562787c72460 (13 bytes)
1770751930.890655 sending message 112 to peer 0x562787c72460 (13 bytes)
1770751930.890670 sending message 112 to peer 0x562787c72460 (13 bytes)
1770751930.890683 sending message 112 to peer 0x562787c72460 (13 bytes)
1770751930.890696 sending message 112 to peer 0x562787c72460 (13 bytes)
1770751930.890709 sending message 112 to peer 0x562787c72460 (13 bytes)
1770751930.890721 sending message 112 to peer 0x562787c72460 (10 bytes)
1770751930.890734 sending message 112 to peer 0x562787c72460 (13 bytes)
1770751930.890747 sending message 112 to peer 0x562787c72460 (12 bytes)
1770751930.890759 sending message 112 to peer 0x562787c72460 (12 bytes)
1770751930.890772 sending message 112 to peer 0x562787c72460 (12 bytes)
1770751930.890784 sending message 112 to peer 0x562787c72460 (10 bytes)
1770751930.890797 sending message 112 to peer 0x562787c72460 (10 bytes)
1770751930.890810 sending message 112 to peer 0x562787c72460 (10 bytes)
1770751930.890823 sending message 112 to peer 0x562787c72460 (12 bytes)
1770751930.890836 sending message 112 to peer 0x562787c72460 (13 bytes)
1770751930.890849 sending message 112 to peer 0x562787c72460 (13 bytes)
1770751930.890863 sending message 112 to peer 0x562787c72460 (13 bytes)
1770751930.890884 sending message 112 to peer 0x562787c72460 (13 bytes)
1770751930.890911 sending message 112 to peer 0x562787c72460 (13 bytes)
1770751930.890943 sending message 112 to peer 0x562787c72460 (10 bytes)
1770751930.890970 sending message 112 to peer 0x562787c72460 (11 bytes)
1770751930.891015 sending message 112 to peer 0x562787c72460 (12 bytes)
1770751930.891038 sending message 112 to peer 0x562787c72460 (12 bytes)
1770751930.891051 sending message 112 to peer 0x562787c72460 (12 bytes)
1770751930.891064 sending message 112 to peer 0x562787c72460 (12 bytes)
1770751930.891077 sending message 112 to peer 0x562787c72460 (12 bytes)
1770751930.891090 sending message 112 to peer 0x562787c72460 (11 bytes)
1770751930.891108 sending message 112 to peer 0x562787c72460 (12 bytes)
1770751930.891121 sending message 112 to peer 0x562787c72460 (12 bytes)
1770751930.891133 sending message 112 to peer 0x562787c72460 (13 bytes)
1770751930.891146 sending message 112 to peer 0x562787c72460 (13 bytes)
1770751930.891172 sending message 112 to peer 0x562787c72460 (13 bytes)
1770751930.891194 sending message 112 to peer 0x562787c72460 (13 bytes)
1770751930.891208 sending message 112 to peer 0x562787c72460 (13 bytes)
1770751930.891222 sending message 112 to peer 0x562787c72460 (10 bytes)
1770751930.891235 sending message 112 to peer 0x562787c72460 (9 bytes)
1770751930.891252 sending message 112 to peer 0x562787c72460 (12 bytes)
1770751930.891278 sending message 112 to peer 0x562787c72460 (13 bytes)
1770751930.891306 sending message 112 to peer 0x562787c72460 (13 bytes)
1770751930.891333 sending message 112 to peer 0x562787c72460 (13 bytes)
1770751930.891356 sending message 112 to peer 0x562787c72460 (13 bytes)
1770751930.891370 sending message 112 to peer 0x562787c72460 (13 bytes)
1770751930.891383 sending message 112 to peer 0x562787c72460 (9 bytes)
1770751930.891418 sending message 112 to peer 0x562787c72460 (12 bytes)
1770751930.891452 sending message 112 to peer 0x562787c72460 (13 bytes)
1770751930.891475 sending message 112 to peer 0x562787c72460 (13 bytes)
1770751930.891488 sending message 112 to peer 0x562787c72460 (13 bytes)
1770751930.891500 sending message 112 to peer 0x562787c72460 (13 bytes)
1770751930.891514 sending message 112 to peer 0x562787c72460 (13 bytes)
1770751930.891526 sending message 112 to peer 0x562787c72460 (11 bytes)
1770751930.891538 sending message 112 to peer 0x562787c72460 (12 bytes)
1770751930.891558 sending message 112 to peer 0x562787c72460 (13 bytes)
1770751930.891581 sending message 112 to peer 0x562787c72460 (13 bytes)
1770751930.891606 sending message 112 to peer 0x562787c72460 (13 bytes)
1770751930.891631 sending message 112 to peer 0x562787c72460 (13 bytes)
1770751930.891656 sending message 112 to peer 0x562787c72460 (13 bytes)
1770751930.891681 sending message 112 to peer 0x562787c72460 (11 bytes)
1770751930.891697 sending message 112 to peer 0x562787c72460 (12 bytes)
1770751930.891709 sending message 112 to peer 0x562787c72460 (12 bytes)
1770751930.891722 sending message 112 to peer 0x562787c72460 (12 bytes)
1770751930.891734 sending message 112 to peer 0x562787c72460 (12 bytes)
1770751930.891747 sending message 112 to peer 0x562787c72460 (12 bytes)
1770751930.891759 sending message 112 to peer 0x562787c72460 (21 bytes)
1770751930.891772 sending message 112 to peer 0x562787c72460 (12 bytes)
1770751930.891785 sending message 112 to peer 0x562787c72460 (9 bytes)
1770751930.891798 sending message 112 to peer 0x562787c72460 (6 bytes)
1770751930.891811 sending message 112 to peer 0x562787c72460 (13 bytes)
1770751930.891823 sending message 112 to peer 0x562787c72460 (10 bytes)
1770751930.891836 sending message 112 to peer 0x562787c72460 (24 bytes)
1770751930.891849 sending message 112 to peer 0x562787c72460 (13 bytes)
1770751930.891862 sending message 112 to peer 0x562787c72460 (9 bytes)
1770751930.891875 sending message 112 to peer 0x562787c72460 (70 bytes)
1770751930.891898 sending message 112 to peer 0x562787c72460 (69 bytes)
1770751930.891920 sending message 112 to peer 0x562787c72460 (12 bytes)
1770751930.891939 sending message 112 to peer 0x562787c72460 (10 bytes)
1770751930.891957 sending message 112 to peer 0x562787c72460 (10 bytes)
1770751930.891978 sending message 112 to peer 0x562787c72460 (24 bytes)
1770751930.892037 sending message 112 to peer 0x562787c72460 (13 bytes)
1770751930.892055 sending message 112 to peer 0x562787c72460 (10 bytes)
1770751930.892067 sending message 112 to peer 0x562787c72460 (10 bytes)
1770751930.892080 sending message 112 to peer 0x562787c72460 (10 bytes)
1770751930.892093 sending message 112 to peer 0x562787c72460 (13 bytes)
1770751930.892106 sending message 112 to peer 0x562787c72460 (15 bytes)
1770751930.892119 sending message 112 to peer 0x562787c72460 (5 bytes)
1770751930.892135 sending message 104 to peer 0x562787c72460 (0 bytes)
1770751930.892150 sending message 110 to peer 0x562787c72460 (0 bytes)
1770751930.892165 sending message 107 to peer 0x562787c72460 (4 bytes)
1770751930.892179 sending message 105 to peer 0x562787c72460 (19 bytes)
1770751930.892191 sending message 105 to peer 0x562787c72460 (9 bytes)
1770751930.892204 sending message 105 to peer 0x562787c72460 (51 bytes)
1770751930.892219 sending message 105 to peer 0x562787c72460 (120 bytes)
1770751930.892232 sending message 105 to peer 0x562787c72460 (32 bytes)
1770751930.892244 sending message 105 to peer 0x562787c72460 (17 bytes)
1770751930.892257 sending message 105 to peer 0x562787c72460 (23 bytes)
1770751930.892270 sending message 105 to peer 0x562787c72460 (20 bytes)
1770751930.892283 sending message 105 to peer 0x562787c72460 (23 bytes)
1770751930.892296 sending message 105 to peer 0x562787c72460 (23 bytes)
1770751930.892310 sending message 105 to peer 0x562787c72460 (20 bytes)
1770751930.892330 sending message 105 to peer 0x562787c72460 (23 bytes)
1770751930.892352 sending message 105 to peer 0x562787c72460 (23 bytes)
1770751930.892397 sending message 105 to peer 0x562787c72460 (11 bytes)
1770751930.892434 sending message 105 to peer 0x562787c72460 (27 bytes)
1770751930.892456 sending message 105 to peer 0x562787c72460 (54 bytes)
1770751930.892478 sending message 105 to peer 0x562787c72460 (31 bytes)
1770751930.892499 sending message 105 to peer 0x562787c72460 (26 bytes)
1770751930.892521 sending message 105 to peer 0x562787c72460 (145 bytes)
1770751930.892543 sending message 105 to peer 0x562787c72460 (23 bytes)
1770751930.892565 sending message 105 to peer 0x562787c72460 (20 bytes)
1770751930.892583 sending message 105 to peer 0x562787c72460 (29 bytes)
1770751930.892604 sending message 105 to peer 0x562787c72460 (20 bytes)
1770751930.892625 sending message 105 to peer 0x562787c72460 (18 bytes)
1770751930.892648 sending message 105 to peer 0x562787c72460 (31 bytes)
1770751930.892673 sending message 105 to peer 0x562787c72460 (16 bytes)
1770751930.892694 sending message 105 to peer 0x562787c72460 (25 bytes)
1770751930.892715 sending message 105 to peer 0x562787c72460 (22 bytes)
1770751930.892738 sending message 105 to peer 0x562787c72460 (54 bytes)
1770751930.892763 sending message 105 to peer 0x562787c72460 (48 bytes)
1770751930.892791 sending message 105 to peer 0x562787c72460 (149 bytes)
1770751930.892818 sending message 105 to peer 0x562787c72460 (47 bytes)
1770751930.892843 sending message 105 to peer 0x562787c72460 (23 bytes)
1770751930.892867 sending message 105 to peer 0x562787c72460 (37 bytes)
1770751930.892887 sending message 105 to peer 0x562787c72460 (15 bytes)
1770751930.892907 sending message 105 to peer 0x562787c72460 (21 bytes)
1770751930.892929 sending message 105 to peer 0x562787c72460 (26 bytes)
1770751930.892952 sending message 105 to peer 0x562787c72460 (8 bytes)
1770751930.892979 sending message 105 to peer 0x562787c72460 (26 bytes)
1770751930.893027 sending message 105 to peer 0x562787c72460 (21 bytes)
1770751930.893044 sending message 105 to peer 0x562787c72460 (20 bytes)
1770751930.893057 sending message 105 to peer 0x562787c72460 (27 bytes)
1770751930.893070 sending message 105 to peer 0x562787c72460 (20 bytes)
1770751930.893082 sending message 105 to peer 0x562787c72460 (24 bytes)
1770751930.893095 sending message 105 to peer 0x562787c72460 (13 bytes)
1770751930.893118 sending message 105 to peer 0x562787c72460 (17 bytes)
1770751930.893140 sending message 105 to peer 0x562787c72460 (21 bytes)
1770751930.893154 sending message 105 to peer 0x562787c72460 (39 bytes)
1770751930.893168 sending message 105 to peer 0x562787c72460 (17 bytes)
1770751930.893181 sending message 105 to peer 0x562787c72460 (79 bytes)
1770751930.893194 sending message 105 to peer 0x562787c72460 (73 bytes)
1770751930.893207 sending message 105 to peer 0x562787c72460 (12 bytes)
1770751930.893219 sending message 105 to peer 0x562787c72460 (20 bytes)
1770751930.893232 sending message 105 to peer 0x562787c72460 (27 bytes)
1770751930.893244 sending message 105 to peer 0x562787c72460 (33 bytes)
1770751930.893258 sending message 106 to peer 0x562787c72460 (0 bytes)
1770751930.893470 sending message 200 to peer 0x562787c72460 (4 bytes)
1770751930.893505 client loop enter
1770751930.921097 peer 0x562787c72460 message 207
1770751930.921255 sending message 208 to peer 0x562787c72460 (0 bytes)
1770751938.910702 peer 0x562787c72460 message 203
1770751938.910784 sending message 205 to peer 0x562787c72460 (0 bytes)
1770751938.912289 peer 0x562787c72460 message 204
1770751938.912379 client loop exit
